<html>
<head>
<title>TestNG:  Test</title>
<link href="../testng.css" rel="stylesheet" type="text/css" />
<link href="../my-testng.css" rel="stylesheet" type="text/css" />

<style type="text/css">
.log { display: none;} 
.stack-trace { display: none;} 
</style>
<script type="text/javascript">
<!--
function flip(e) {
  current = e.style.display;
  if (current == 'block') {
    e.style.display = 'none';
    return 0;
  }
  else {
    e.style.display = 'block';
    return 1;
  }
}

function toggleBox(szDivId, elem, msg1, msg2)
{
  var res = -1;  if (document.getElementById) {
    res = flip(document.getElementById(szDivId));
  }
  else if (document.all) {
    // this is the way old msie versions work
    res = flip(document.all[szDivId]);
  }
  if(elem) {
    if(res == 0) elem.innerHTML = msg1; else elem.innerHTML = msg2;
  }

}

function toggleAllBoxes() {
  if (document.getElementsByTagName) {
    d = document.getElementsByTagName('div');
    for (i = 0; i < d.length; i++) {
      if (d[i].className == 'log') {
        flip(d[i]);
      }
    }
  }
}

// -->
</script>

</head>
<body>
<h2 align='center'>Test</h2><table border='1' align="center">
<tr>
<td>Tests passed/Failed/Skipped:</td><td>5/2/0</td>
</tr><tr>
<td>Started on:</td><td>Fri May 14 14:10:57 IST 2021</td>
</tr>
<tr><td>Total time:</td><td>167 seconds (167999 ms)</td>
</tr><tr>
<td>Included groups:</td><td></td>
</tr><tr>
<td>Excluded groups:</td><td></td>
</tr>
</table><p/>
<small><i>(Hover the method name to see the test class name)</i></small><p/>
<table width='100%' border='1' class='invocation-failed'>
<tr><td colspan='4' align='center'><b>FAILED TESTS</b></td></tr>
<tr><td><b>Test method</b></td>
<td width="30%"><b>Exception</b></td>
<td width="10%"><b>Time (seconds)</b></td>
<td><b>Instance</b></td>
</tr>
<tr>
<td title='TestCase.CarInsuranceTest.CarInsuranceQuoteTest()'><b>CarInsuranceQuoteTest</b><br>Test class: TestCase.CarInsuranceTest<br>Parameters: {Car Brand=FORD, Username=Pavi, Comments=Check the Screenshot, Email=hi@gmail.com, Fuel Type=Diesel and Petrol, Number=8181818181, Car Variant=Trend Plus 1.5 TDCi (1498 cc), Test Ststus=Fail, City=AP01-NIRMAL, Reg Year=2000, Test ID=3}</td>
<td><div><pre>java.lang.AssertionError: Failing the Test after capturing the error! expected [true] but found [false]
	at TestCase.CarInsuranceTest.CarInsuranceQuoteTest(CarInsuranceTest.java:72)
... Removed 28 stack frames</pre></div><a href='#' onClick='toggleBox("stack-trace2086532629", this, "Click to show all stack frames", "Click to hide stack frames")'>Click to show all stack frames</a>
<div class='stack-trace' id='stack-trace2086532629'><pre>java.lang.AssertionError: Failing the Test after capturing the error! expected [true] but found [false]
	at org.testng.Assert.fail(Assert.java:96)
	at org.testng.Assert.failNotEquals(Assert.java:776)
	at org.testng.Assert.assertTrue(Assert.java:44)
	at TestCase.CarInsuranceTest.CarInsuranceQuoteTest(CarInsuranceTest.java:72)
	at sun.reflect.NativeMethodAccessorImpl.invoke0(Native Method)
	at sun.reflect.NativeMethodAccessorImpl.invoke(NativeMethodAccessorImpl.java:62)
	at sun.reflect.DelegatingMethodAccessorImpl.invoke(DelegatingMethodAccessorImpl.java:43)
	at java.lang.reflect.Method.invoke(Method.java:498)
	at org.testng.internal.MethodInvocationHelper.invokeMethod(MethodInvocationHelper.java:124)
	at org.testng.internal.Invoker.invokeMethod(Invoker.java:583)
	at org.testng.internal.Invoker.invokeTestMethod(Invoker.java:719)
	at org.testng.internal.Invoker.invokeTestMethods(Invoker.java:989)
	at org.testng.internal.TestMethodWorker.invokeTestMethods(TestMethodWorker.java:125)
	at org.testng.internal.TestMethodWorker.run(TestMethodWorker.java:109)
	at org.testng.TestRunner.privateRun(TestRunner.java:648)
	at org.testng.TestRunner.run(TestRunner.java:505)
	at org.testng.SuiteRunner.runTest(SuiteRunner.java:455)
	at org.testng.SuiteRunner.runSequentially(SuiteRunner.java:450)
	at org.testng.SuiteRunner.privateRun(SuiteRunner.java:415)
	at org.testng.SuiteRunner.run(SuiteRunner.java:364)
	at org.testng.SuiteRunnerWorker.runSuite(SuiteRunnerWorker.java:52)
	at org.testng.SuiteRunnerWorker.run(SuiteRunnerWorker.java:84)
	at org.testng.TestNG.runSuitesSequentially(TestNG.java:1208)
	at org.testng.TestNG.runSuitesLocally(TestNG.java:1137)
	at org.testng.TestNG.runSuites(TestNG.java:1049)
	at org.testng.TestNG.run(TestNG.java:1017)
	at org.testng.remote.AbstractRemoteTestNG.run(AbstractRemoteTestNG.java:114)
	at org.testng.remote.RemoteTestNG.initAndRun(RemoteTestNG.java:251)
	at org.testng.remote.RemoteTestNG.main(RemoteTestNG.java:77)
</pre></div></td>
<td>69</td>
<td>TestCase.CarInsuranceTest@704d6e83</td></tr>
<tr>
<td title='TestCase.TravelnsuranceTest.InsurancePlanTest()'><b>InsurancePlanTest</b><br>Test class: TestCase.TravelnsuranceTest<br>Parameters: {Destination=Austria, Number Prefix=INDIA (+91), Start Date=11/8/21, Comments=Check the Screenshot, Email=hari@gmail.com, Name=Hari, Name Prefix=Mr., Number=8181818181, End Date=10/8/21, Test Ststus=Fail, Age=21,22, Test ID=3}</td>
<td><div><pre>java.lang.AssertionError: Failing the Test after capturing the error! expected [true] but found [false]
	at TestCase.TravelnsuranceTest.InsurancePlanTest(TravelnsuranceTest.java:72)
... Removed 28 stack frames</pre></div><a href='#' onClick='toggleBox("stack-trace1707293586", this, "Click to show all stack frames", "Click to hide stack frames")'>Click to show all stack frames</a>
<div class='stack-trace' id='stack-trace1707293586'><pre>java.lang.AssertionError: Failing the Test after capturing the error! expected [true] but found [false]
	at org.testng.Assert.fail(Assert.java:96)
	at org.testng.Assert.failNotEquals(Assert.java:776)
	at org.testng.Assert.assertTrue(Assert.java:44)
	at TestCase.TravelnsuranceTest.InsurancePlanTest(TravelnsuranceTest.java:72)
	at sun.reflect.NativeMethodAccessorImpl.invoke0(Native Method)
	at sun.reflect.NativeMethodAccessorImpl.invoke(NativeMethodAccessorImpl.java:62)
	at sun.reflect.DelegatingMethodAccessorImpl.invoke(DelegatingMethodAccessorImpl.java:43)
	at java.lang.reflect.Method.invoke(Method.java:498)
	at org.testng.internal.MethodInvocationHelper.invokeMethod(MethodInvocationHelper.java:124)
	at org.testng.internal.Invoker.invokeMethod(Invoker.java:583)
	at org.testng.internal.Invoker.invokeTestMethod(Invoker.java:719)
	at org.testng.internal.Invoker.invokeTestMethods(Invoker.java:989)
	at org.testng.internal.TestMethodWorker.invokeTestMethods(TestMethodWorker.java:125)
	at org.testng.internal.TestMethodWorker.run(TestMethodWorker.java:109)
	at org.testng.TestRunner.privateRun(TestRunner.java:648)
	at org.testng.TestRunner.run(TestRunner.java:505)
	at org.testng.SuiteRunner.runTest(SuiteRunner.java:455)
	at org.testng.SuiteRunner.runSequentially(SuiteRunner.java:450)
	at org.testng.SuiteRunner.privateRun(SuiteRunner.java:415)
	at org.testng.SuiteRunner.run(SuiteRunner.java:364)
	at org.testng.SuiteRunnerWorker.runSuite(SuiteRunnerWorker.java:52)
	at org.testng.SuiteRunnerWorker.run(SuiteRunnerWorker.java:84)
	at org.testng.TestNG.runSuitesSequentially(TestNG.java:1208)
	at org.testng.TestNG.runSuitesLocally(TestNG.java:1137)
	at org.testng.TestNG.runSuites(TestNG.java:1049)
	at org.testng.TestNG.run(TestNG.java:1017)
	at org.testng.remote.AbstractRemoteTestNG.run(AbstractRemoteTestNG.java:114)
	at org.testng.remote.RemoteTestNG.initAndRun(RemoteTestNG.java:251)
	at org.testng.remote.RemoteTestNG.main(RemoteTestNG.java:77)
</pre></div></td>
<td>7</td>
<td>TestCase.TravelnsuranceTest@10dba097</td></tr>
</table><p>
<table width='100%' border='1' class='invocation-passed'>
<tr><td colspan='4' align='center'><b>PASSED TESTS</b></td></tr>
<tr><td><b>Test method</b></td>
<td width="30%"><b>Exception</b></td>
<td width="10%"><b>Time (seconds)</b></td>
<td><b>Instance</b></td>
</tr>
<tr>
<td title='TestCase.CarInsuranceTest.CarInsuranceQuoteTest()'><b>CarInsuranceQuoteTest</b><br>Test class: TestCase.CarInsuranceTest<br>Parameters: {Car Brand=HONDA, Username=Arun, Comments=Email or Phone number is invalid, Email=arun@gmail.com, Fuel Type=Petrol, Number=525222, Car Variant=V6 AUTO TRANSMISSION, Test Ststus=Pass, City=TN01-CHENNAI, Reg Year=2015, Test ID=1}</td>
<td></td>
<td>21</td>
<td>TestCase.CarInsuranceTest@704d6e83</td></tr>
<tr>
<td title='TestCase.CarInsuranceTest.CarInsuranceQuoteTest()'><b>CarInsuranceQuoteTest</b><br>Test class: TestCase.CarInsuranceTest<br>Parameters: {Car Brand=HONDA, Username=Guna, Comments=Email or Phone number is invalid, Email=gunagmail, Fuel Type=Petrol, Number=8181818181, Car Variant=V6 AUTO TRANSMISSION, Test Ststus=Pass, City=TN01-CHENNAI, Reg Year=2015, Test ID=2}</td>
<td></td>
<td>17</td>
<td>TestCase.CarInsuranceTest@704d6e83</td></tr>
<tr>
<td title='TestCase.HealthInsuranceTest.HealthInsuranceMenuTest()'><b>HealthInsuranceMenuTest</b><br>Test class: TestCase.HealthInsuranceTest</td>
<td></td>
<td>8</td>
<td>TestCase.HealthInsuranceTest@1786f9d5</td></tr>
<tr>
<td title='TestCase.TravelnsuranceTest.InsurancePlanTest()'><b>InsurancePlanTest</b><br>Test class: TestCase.TravelnsuranceTest<br>Parameters: {Destination=British Indian Ocean Territory, Number Prefix=INDIA (+91), Start Date=5/7/21, Comments=Displayed three lowest international travel insurance plan, Email=arun@gmail.com, Name=Arun, Name Prefix=Mr., Number=8181818181, End Date=30/5/2022, Test Ststus=Pass, Age=21,22, Test ID=1}</td>
<td></td>
<td>20</td>
<td>TestCase.TravelnsuranceTest@10dba097</td></tr>
<tr>
<td title='TestCase.TravelnsuranceTest.InsurancePlanTest()'><b>InsurancePlanTest</b><br>Test class: TestCase.TravelnsuranceTest<br>Parameters: {Destination=Germany, Number Prefix=UNITEDKINGDOM (+44), Start Date=31/10/2021, Comments=Displayed three lowest international travel insurance plan, Email=pavi@gmail.com, Name=Pavi, Name Prefix=Ms., Number=6932018888, End Date=12/3/22, Test Ststus=Pass, Age=21,22, Test ID=2}</td>
<td></td>
<td>14</td>
<td>TestCase.TravelnsuranceTest@10dba097</td></tr>
</table><p>
</body>
</html>